2025-08-23 13:32:39,003 - FinBankIQ_EDA - INFO - Analyzing volatility and return patterns for BTC
2025-08-23 13:33:25,856 - FinBankIQ_EDA - INFO - Analyzing volatility and return patterns for BTC
2025-08-23 13:34:21,833 - FinBankIQ_EDA - INFO - Analyzing volatility and return patterns for BTC
2025-08-23 13:39:27,515 - FinBankIQ_EDA - INFO - Analyzing volatility and return patterns for BTC
2025-08-23 13:40:18,347 - FinBankIQ_EDA - INFO - Analyzing volatility and return patterns for BTC
2025-08-23 13:41:27,991 - FinBankIQ_EDA - INFO - Saved volatility analysis to data\eda\btc_volatility_returns.png
2025-08-23 13:41:56,130 - FinBankIQ_EDA - INFO - Analyzing volatility and return patterns for BTC
2025-08-23 13:46:39,362 - FinBankIQ_EDA - INFO - Analyzing volatility and return patterns for BTC
2025-08-23 13:46:40,334 - FinBankIQ_EDA - INFO - Saved volatility analysis to data\eda\btc_volatility_returns.png
2025-08-23 15:03:51,134 - FinBankIQ_EDA - INFO - Analyzing volatility and return patterns for BTC
2025-08-23 15:04:51,155 - FinBankIQ_EDA - INFO - Saved volatility analysis to data\eda\btc_volatility_returns.png
2025-08-23 15:04:51,157 - FinBankIQ_EDA - INFO - Analyzing Market Cap and ROI for BTC
2025-08-23 15:04:52,379 - FinBankIQ_EDA - INFO - Saved market cap and ROI analysis to data\eda\btc_market_cap_roi.png
2025-08-23 15:06:09,878 - FinBankIQ_EDA - INFO - Analyzing volatility and return patterns for BTC
2025-08-23 15:06:26,110 - FinBankIQ_EDA - INFO - Saved volatility analysis to data\eda\btc_volatility_returns.png
2025-08-23 15:06:30,328 - FinBankIQ_EDA - INFO - Analyzing Market Cap and ROI for BTC
2025-08-23 15:06:32,169 - FinBankIQ_EDA - INFO - Saved market cap and ROI analysis to data\eda\btc_market_cap_roi.png
2025-08-23 15:12:49,435 - FinBankIQ_EDA - INFO - Analyzing volatility and return patterns for BTC
2025-08-23 15:12:50,450 - FinBankIQ_EDA - INFO - Saved volatility analysis to data\eda\btc_volatility_returns.png
2025-08-23 15:13:00,824 - FinBankIQ_EDA - INFO - Analyzing Market Cap and ROI for BTC
2025-08-23 15:13:16,144 - FinBankIQ_EDA - INFO - Saved market cap and ROI analysis to data\eda\btc_market_cap_roi.png
2025-08-23 15:28:49,218 - FinBankIQ_EDA - INFO - Analyzing volatility and return patterns for BTC
2025-08-23 15:28:50,265 - FinBankIQ_EDA - INFO - Saved volatility analysis to data\eda\btc_volatility_returns.png
2025-08-23 15:28:50,266 - FinBankIQ_EDA - INFO - Analyzing Market Cap and ROI for BTC
2025-08-23 15:28:59,891 - FinBankIQ_EDA - INFO - Saved market cap and ROI analysis to data\eda\btc_market_cap_roi.png
2025-08-23 15:29:02,441 - FinBankIQ_EDA - INFO - Analyzing address activity and supply dynamics for BTC
2025-08-23 15:29:35,074 - FinBankIQ_EDA - INFO - Analyzing volatility and return patterns for BTC
2025-08-23 15:29:36,040 - FinBankIQ_EDA - INFO - Saved volatility analysis to data\eda\btc_volatility_returns.png
2025-08-23 15:29:36,040 - FinBankIQ_EDA - INFO - Analyzing Market Cap and ROI for BTC
2025-08-23 15:29:37,138 - FinBankIQ_EDA - INFO - Saved market cap and ROI analysis to data\eda\btc_market_cap_roi.png
2025-08-23 15:29:37,138 - FinBankIQ_EDA - INFO - Analyzing address activity and supply dynamics for BTC
2025-08-23 15:30:09,615 - FinBankIQ_EDA - INFO - Analyzing volatility and return patterns for BTC
2025-08-23 15:30:10,580 - FinBankIQ_EDA - INFO - Saved volatility analysis to data\eda\btc_volatility_returns.png
2025-08-23 15:30:10,580 - FinBankIQ_EDA - INFO - Analyzing Market Cap and ROI for BTC
2025-08-23 15:30:11,677 - FinBankIQ_EDA - INFO - Saved market cap and ROI analysis to data\eda\btc_market_cap_roi.png
2025-08-23 15:30:11,677 - FinBankIQ_EDA - INFO - Analyzing address activity and supply dynamics for BTC
2025-08-23 15:31:28,572 - FinBankIQ_EDA - INFO - Analyzing volatility and return patterns for BTC
2025-08-23 15:31:29,561 - FinBankIQ_EDA - INFO - Saved volatility analysis to data\eda\btc_volatility_returns.png
2025-08-23 15:31:29,562 - FinBankIQ_EDA - INFO - Analyzing Market Cap and ROI for BTC
2025-08-23 15:31:30,666 - FinBankIQ_EDA - INFO - Saved market cap and ROI analysis to data\eda\btc_market_cap_roi.png
2025-08-23 15:31:30,666 - FinBankIQ_EDA - INFO - Analyzing address activity and supply dynamics for BTC
2025-08-23 15:36:43,810 - FinBankIQ_EDA - INFO - Analyzing volatility and return patterns for BTC
2025-08-23 15:36:44,865 - FinBankIQ_EDA - INFO - Saved volatility analysis to data\eda\btc_volatility_returns.png
2025-08-23 15:36:44,865 - FinBankIQ_EDA - INFO - Analyzing Market Cap and ROI for BTC
2025-08-23 15:36:53,874 - FinBankIQ_EDA - INFO - Saved market cap and ROI analysis to data\eda\btc_market_cap_roi.png
2025-08-23 15:36:55,542 - FinBankIQ_EDA - INFO - Analyzing address activity and supply dynamics for BTC
2025-08-23 15:43:14,932 - FinBankIQ_EDA - INFO - Analyzing volatility and return patterns for BTC
2025-08-23 15:43:15,986 - FinBankIQ_EDA - INFO - Saved volatility analysis to data\eda\btc_volatility_returns.png
2025-08-23 15:43:15,986 - FinBankIQ_EDA - INFO - Analyzing Market Cap and ROI for BTC
2025-08-23 15:43:17,132 - FinBankIQ_EDA - INFO - Saved market cap and ROI analysis to data\eda\btc_market_cap_roi.png
2025-08-23 15:43:19,467 - FinBankIQ_EDA - INFO - Analyzing address activity and supply dynamics for BTC
2025-08-23 15:43:46,162 - FinBankIQ_EDA - INFO - Analyzing volatility and return patterns for BTC
2025-08-23 15:43:47,131 - FinBankIQ_EDA - INFO - Saved volatility analysis to data\eda\btc_volatility_returns.png
2025-08-23 15:43:47,132 - FinBankIQ_EDA - INFO - Analyzing Market Cap and ROI for BTC
2025-08-23 15:43:48,231 - FinBankIQ_EDA - INFO - Saved market cap and ROI analysis to data\eda\btc_market_cap_roi.png
2025-08-23 15:43:48,231 - FinBankIQ_EDA - INFO - Analyzing address activity and supply dynamics for BTC
2025-08-23 16:29:06,703 - FinBankIQ_EDA - INFO - Analyzing volatility and return patterns for BTC
2025-08-23 16:29:07,676 - FinBankIQ_EDA - INFO - Saved volatility analysis to data\eda\btc_volatility_returns.png
2025-08-23 16:29:07,676 - FinBankIQ_EDA - INFO - Analyzing Market Cap and ROI for BTC
2025-08-23 16:29:08,800 - FinBankIQ_EDA - INFO - Saved market cap and ROI analysis to data\eda\btc_market_cap_roi.png
2025-08-23 16:29:08,800 - FinBankIQ_EDA - INFO - Analyzing address activity and supply dynamics for BTC
2025-08-23 16:29:08,911 - FinBankIQ_EDA - INFO - Analyzing chart supply dynamics for BTC
2025-08-23 16:30:07,402 - FinBankIQ_EDA - INFO - Analyzing volatility and return patterns for BTC
2025-08-23 16:30:08,376 - FinBankIQ_EDA - INFO - Saved volatility analysis to data\eda\btc_volatility_returns.png
2025-08-23 16:30:08,376 - FinBankIQ_EDA - INFO - Analyzing Market Cap and ROI for BTC
2025-08-23 16:30:09,491 - FinBankIQ_EDA - INFO - Saved market cap and ROI analysis to data\eda\btc_market_cap_roi.png
2025-08-23 16:30:09,492 - FinBankIQ_EDA - INFO - Analyzing address activity and supply dynamics for BTC
2025-08-23 16:30:09,610 - FinBankIQ_EDA - INFO - Analyzing chart supply dynamics for BTC
2025-08-23 16:36:28,468 - FinBankIQ_EDA - INFO - Analyzing volatility and return patterns for BTC
2025-08-23 16:36:29,444 - FinBankIQ_EDA - INFO - Saved volatility analysis to data\eda\btc_volatility_returns.png
2025-08-23 16:36:29,444 - FinBankIQ_EDA - INFO - Analyzing Market Cap and ROI for BTC
2025-08-23 16:36:30,546 - FinBankIQ_EDA - INFO - Saved market cap and ROI analysis to data\eda\btc_market_cap_roi.png
2025-08-23 16:36:30,546 - FinBankIQ_EDA - INFO - Analyzing address activity and supply dynamics for BTC
2025-08-23 16:36:30,655 - FinBankIQ_EDA - INFO - Analyzing chart supply dynamics for BTC
2025-08-23 16:40:06,252 - FinBankIQ_EDA - INFO - Analyzing volatility and return patterns for BTC
2025-08-23 16:40:07,231 - FinBankIQ_EDA - INFO - Saved volatility analysis to data\eda\btc_volatility_returns.png
2025-08-23 16:40:07,231 - FinBankIQ_EDA - INFO - Analyzing Market Cap and ROI for BTC
2025-08-23 16:40:08,328 - FinBankIQ_EDA - INFO - Saved market cap and ROI analysis to data\eda\btc_market_cap_roi.png
2025-08-23 16:40:08,328 - FinBankIQ_EDA - INFO - Analyzing address activity and supply dynamics for BTC
2025-08-23 16:40:08,437 - FinBankIQ_EDA - INFO - Analyzing chart supply dynamics for BTC
2025-08-23 16:45:17,631 - FinBankIQ_EDA - INFO - Analyzing volatility and return patterns for BTC
2025-08-23 16:45:18,625 - FinBankIQ_EDA - INFO - Saved volatility analysis to data\eda\btc_volatility_returns.png
2025-08-23 16:45:18,625 - FinBankIQ_EDA - INFO - Analyzing Market Cap and ROI for BTC
2025-08-23 16:45:19,746 - FinBankIQ_EDA - INFO - Saved market cap and ROI analysis to data\eda\btc_market_cap_roi.png
2025-08-23 16:45:19,746 - FinBankIQ_EDA - INFO - Analyzing address activity and supply dynamics for BTC
2025-08-23 16:45:19,862 - FinBankIQ_EDA - INFO - Analyzing chart supply dynamics for BTC
2025-08-23 16:45:45,428 - FinBankIQ_EDA - INFO - Analyzing volatility and return patterns for BTC
2025-08-23 16:45:46,390 - FinBankIQ_EDA - INFO - Saved volatility analysis to data\eda\btc_volatility_returns.png
2025-08-23 16:45:46,390 - FinBankIQ_EDA - INFO - Analyzing Market Cap and ROI for BTC
2025-08-23 16:45:47,494 - FinBankIQ_EDA - INFO - Saved market cap and ROI analysis to data\eda\btc_market_cap_roi.png
2025-08-23 16:45:47,494 - FinBankIQ_EDA - INFO - Analyzing address activity and supply dynamics for BTC
2025-08-23 16:45:47,603 - FinBankIQ_EDA - INFO - Analyzing chart supply dynamics for BTC
2025-08-23 16:46:20,427 - FinBankIQ_EDA - INFO - Analyzing volatility and return patterns for BTC
2025-08-23 16:46:21,406 - FinBankIQ_EDA - INFO - Saved volatility analysis to data\eda\btc_volatility_returns.png
2025-08-23 16:46:21,406 - FinBankIQ_EDA - INFO - Analyzing Market Cap and ROI for BTC
2025-08-23 16:46:22,506 - FinBankIQ_EDA - INFO - Saved market cap and ROI analysis to data\eda\btc_market_cap_roi.png
2025-08-23 16:46:22,506 - FinBankIQ_EDA - INFO - Analyzing address activity and supply dynamics for BTC
2025-08-23 16:46:22,617 - FinBankIQ_EDA - INFO - Analyzing chart supply dynamics for BTC
2025-08-23 16:47:09,187 - FinBankIQ_EDA - INFO - Analyzing volatility and return patterns for BTC
2025-08-23 16:47:10,163 - FinBankIQ_EDA - INFO - Saved volatility analysis to data\eda\btc_volatility_returns.png
2025-08-23 16:47:10,163 - FinBankIQ_EDA - INFO - Analyzing Market Cap and ROI for BTC
2025-08-23 16:47:11,267 - FinBankIQ_EDA - INFO - Saved market cap and ROI analysis to data\eda\btc_market_cap_roi.png
2025-08-23 16:47:11,267 - FinBankIQ_EDA - INFO - Analyzing address activity and supply dynamics for BTC
2025-08-23 16:47:11,375 - FinBankIQ_EDA - INFO - Analyzing chart supply dynamics for BTC
2025-08-23 16:48:22,947 - FinBankIQ_EDA - INFO - Analyzing volatility and return patterns for BTC
2025-08-23 16:48:23,915 - FinBankIQ_EDA - INFO - Saved volatility analysis to data\eda\btc_volatility_returns.png
2025-08-23 16:48:23,915 - FinBankIQ_EDA - INFO - Analyzing Market Cap and ROI for BTC
2025-08-23 16:48:25,013 - FinBankIQ_EDA - INFO - Saved market cap and ROI analysis to data\eda\btc_market_cap_roi.png
2025-08-23 16:48:25,013 - FinBankIQ_EDA - INFO - Analyzing address activity and supply dynamics for BTC
2025-08-23 16:48:25,122 - FinBankIQ_EDA - INFO - Analyzing chart supply dynamics for BTC
2025-08-23 16:48:58,523 - FinBankIQ_EDA - INFO - Analyzing volatility and return patterns for BTC
2025-08-23 16:48:59,505 - FinBankIQ_EDA - INFO - Saved volatility analysis to data\eda\btc_volatility_returns.png
2025-08-23 16:48:59,505 - FinBankIQ_EDA - INFO - Analyzing Market Cap and ROI for BTC
2025-08-23 16:49:00,613 - FinBankIQ_EDA - INFO - Saved market cap and ROI analysis to data\eda\btc_market_cap_roi.png
2025-08-23 16:49:00,613 - FinBankIQ_EDA - INFO - Analyzing address activity and supply dynamics for BTC
2025-08-23 16:49:00,725 - FinBankIQ_EDA - INFO - Analyzing chart supply dynamics for BTC
2025-08-23 16:52:44,461 - FinBankIQ_EDA - INFO - Analyzing volatility and return patterns for BTC
2025-08-23 16:52:45,432 - FinBankIQ_EDA - INFO - Saved volatility analysis to data\eda\btc_volatility_returns.png
2025-08-23 16:52:45,432 - FinBankIQ_EDA - INFO - Analyzing Market Cap and ROI for BTC
2025-08-23 16:52:46,543 - FinBankIQ_EDA - INFO - Saved market cap and ROI analysis to data\eda\btc_market_cap_roi.png
2025-08-23 16:52:46,543 - FinBankIQ_EDA - INFO - Analyzing address activity and supply dynamics for BTC
2025-08-23 16:52:46,652 - FinBankIQ_EDA - INFO - Analyzing chart supply dynamics for BTC
2025-08-23 16:53:34,232 - FinBankIQ_EDA - INFO - Analyzing volatility and return patterns for BTC
2025-08-23 16:53:35,226 - FinBankIQ_EDA - INFO - Saved volatility analysis to data\eda\btc_volatility_returns.png
2025-08-23 16:53:35,226 - FinBankIQ_EDA - INFO - Analyzing Market Cap and ROI for BTC
2025-08-23 16:53:36,337 - FinBankIQ_EDA - INFO - Saved market cap and ROI analysis to data\eda\btc_market_cap_roi.png
2025-08-23 16:53:36,337 - FinBankIQ_EDA - INFO - Analyzing address activity and supply dynamics for BTC
2025-08-23 16:53:36,445 - FinBankIQ_EDA - INFO - Analyzing chart supply dynamics for BTC
2025-08-23 16:54:32,076 - FinBankIQ_EDA - INFO - Analyzing volatility and return patterns for BTC
2025-08-23 16:54:33,047 - FinBankIQ_EDA - INFO - Saved volatility analysis to data\eda\btc_volatility_returns.png
2025-08-23 16:54:33,047 - FinBankIQ_EDA - INFO - Analyzing Market Cap and ROI for BTC
2025-08-23 16:54:34,145 - FinBankIQ_EDA - INFO - Saved market cap and ROI analysis to data\eda\btc_market_cap_roi.png
2025-08-23 16:54:34,145 - FinBankIQ_EDA - INFO - Analyzing address activity and supply dynamics for BTC
2025-08-23 16:54:34,254 - FinBankIQ_EDA - INFO - Analyzing chart supply dynamics for BTC
2025-08-23 16:54:55,717 - FinBankIQ_EDA - INFO - Analyzing volatility and return patterns for BTC
2025-08-23 16:54:56,685 - FinBankIQ_EDA - INFO - Saved volatility analysis to data\eda\btc_volatility_returns.png
2025-08-23 16:54:56,685 - FinBankIQ_EDA - INFO - Analyzing Market Cap and ROI for BTC
2025-08-23 16:54:57,789 - FinBankIQ_EDA - INFO - Saved market cap and ROI analysis to data\eda\btc_market_cap_roi.png
2025-08-23 16:54:57,789 - FinBankIQ_EDA - INFO - Analyzing address activity and supply dynamics for BTC
2025-08-23 16:54:57,897 - FinBankIQ_EDA - INFO - Analyzing chart supply dynamics for BTC
2025-08-23 16:56:07,487 - FinBankIQ_EDA - INFO - Analyzing volatility and return patterns for BTC
2025-08-23 16:56:08,458 - FinBankIQ_EDA - INFO - Saved volatility analysis to data\eda\btc_volatility_returns.png
2025-08-23 16:56:08,459 - FinBankIQ_EDA - INFO - Analyzing Market Cap and ROI for BTC
2025-08-23 16:56:09,555 - FinBankIQ_EDA - INFO - Saved market cap and ROI analysis to data\eda\btc_market_cap_roi.png
2025-08-23 16:56:09,555 - FinBankIQ_EDA - INFO - Analyzing address activity and supply dynamics for BTC
2025-08-23 16:56:09,663 - FinBankIQ_EDA - INFO - Analyzing chart supply dynamics for BTC
2025-08-23 16:56:42,457 - FinBankIQ_EDA - INFO - Analyzing volatility and return patterns for BTC
2025-08-23 16:56:43,446 - FinBankIQ_EDA - INFO - Saved volatility analysis to data\eda\btc_volatility_returns.png
2025-08-23 16:56:43,446 - FinBankIQ_EDA - INFO - Analyzing Market Cap and ROI for BTC
2025-08-23 16:56:44,542 - FinBankIQ_EDA - INFO - Saved market cap and ROI analysis to data\eda\btc_market_cap_roi.png
2025-08-23 16:56:44,543 - FinBankIQ_EDA - INFO - Analyzing address activity and supply dynamics for BTC
2025-08-23 16:56:44,652 - FinBankIQ_EDA - INFO - Analyzing chart supply dynamics for BTC
2025-08-23 16:57:07,386 - FinBankIQ_EDA - INFO - Analyzing volatility and return patterns for BTC
2025-08-23 16:57:08,362 - FinBankIQ_EDA - INFO - Saved volatility analysis to data\eda\btc_volatility_returns.png
2025-08-23 16:57:08,362 - FinBankIQ_EDA - INFO - Analyzing Market Cap and ROI for BTC
2025-08-23 16:57:09,456 - FinBankIQ_EDA - INFO - Saved market cap and ROI analysis to data\eda\btc_market_cap_roi.png
2025-08-23 16:57:09,456 - FinBankIQ_EDA - INFO - Analyzing address activity and supply dynamics for BTC
2025-08-23 16:57:09,565 - FinBankIQ_EDA - INFO - Analyzing chart supply dynamics for BTC
2025-08-23 16:57:26,124 - FinBankIQ_EDA - INFO - Analyzing volatility and return patterns for BTC
2025-08-23 16:57:27,101 - FinBankIQ_EDA - INFO - Saved volatility analysis to data\eda\btc_volatility_returns.png
2025-08-23 16:57:27,101 - FinBankIQ_EDA - INFO - Analyzing Market Cap and ROI for BTC
2025-08-23 16:57:28,195 - FinBankIQ_EDA - INFO - Saved market cap and ROI analysis to data\eda\btc_market_cap_roi.png
2025-08-23 16:57:28,195 - FinBankIQ_EDA - INFO - Analyzing address activity and supply dynamics for BTC
2025-08-23 16:57:28,304 - FinBankIQ_EDA - INFO - Analyzing chart supply dynamics for BTC
2025-08-23 16:58:14,974 - FinBankIQ_EDA - INFO - Analyzing volatility and return patterns for BTC
2025-08-23 16:58:15,914 - FinBankIQ_EDA - INFO - Saved volatility analysis to data\eda\btc_volatility_returns.png
2025-08-23 16:58:15,914 - FinBankIQ_EDA - INFO - Analyzing Market Cap and ROI for BTC
2025-08-23 16:58:17,013 - FinBankIQ_EDA - INFO - Saved market cap and ROI analysis to data\eda\btc_market_cap_roi.png
2025-08-23 16:58:17,013 - FinBankIQ_EDA - INFO - Analyzing address activity and supply dynamics for BTC
2025-08-23 16:58:17,121 - FinBankIQ_EDA - INFO - Analyzing chart supply dynamics for BTC
2025-08-23 17:14:18,722 - FinBankIQ_EDA - INFO - Analyzing volatility and return patterns for BTC
2025-08-23 17:14:19,714 - FinBankIQ_EDA - INFO - Saved volatility analysis to data\eda\btc_volatility_returns.png
2025-08-23 17:14:19,714 - FinBankIQ_EDA - INFO - Analyzing Market Cap and ROI for BTC
2025-08-23 17:14:20,842 - FinBankIQ_EDA - INFO - Saved market cap and ROI analysis to data\eda\btc_market_cap_roi.png
2025-08-23 17:14:20,843 - FinBankIQ_EDA - INFO - Analyzing address activity and supply dynamics for BTC
2025-08-23 17:14:20,959 - FinBankIQ_EDA - INFO - Analyzing chart supply dynamics for BTC
2025-08-23 17:14:25,566 - FinBankIQ_EDA - INFO - Calculating derived indicators for BTC
2025-08-23 17:14:42,998 - FinBankIQ_EDA - INFO - Analyzing volatility and return patterns for BTC
2025-08-23 17:14:43,966 - FinBankIQ_EDA - INFO - Saved volatility analysis to data\eda\btc_volatility_returns.png
2025-08-23 17:14:43,966 - FinBankIQ_EDA - INFO - Analyzing Market Cap and ROI for BTC
2025-08-23 17:14:45,088 - FinBankIQ_EDA - INFO - Saved market cap and ROI analysis to data\eda\btc_market_cap_roi.png
2025-08-23 17:14:45,089 - FinBankIQ_EDA - INFO - Analyzing address activity and supply dynamics for BTC
2025-08-23 17:14:45,198 - FinBankIQ_EDA - INFO - Analyzing chart supply dynamics for BTC
2025-08-23 17:14:45,325 - FinBankIQ_EDA - INFO - Calculating derived indicators for BTC
2025-08-23 17:15:26,584 - FinBankIQ_EDA - INFO - Analyzing volatility and return patterns for BTC
2025-08-23 17:15:27,574 - FinBankIQ_EDA - INFO - Saved volatility analysis to data\eda\btc_volatility_returns.png
2025-08-23 17:15:27,574 - FinBankIQ_EDA - INFO - Analyzing Market Cap and ROI for BTC
2025-08-23 17:15:28,699 - FinBankIQ_EDA - INFO - Saved market cap and ROI analysis to data\eda\btc_market_cap_roi.png
2025-08-23 17:15:28,699 - FinBankIQ_EDA - INFO - Analyzing address activity and supply dynamics for BTC
2025-08-23 17:15:28,817 - FinBankIQ_EDA - INFO - Analyzing chart supply dynamics for BTC
2025-08-23 17:15:28,975 - FinBankIQ_EDA - INFO - Calculating derived indicators for BTC
2025-08-23 17:16:11,847 - FinBankIQ_EDA - INFO - Analyzing volatility and return patterns for BTC
2025-08-23 17:16:12,845 - FinBankIQ_EDA - INFO - Saved volatility analysis to data\eda\btc_volatility_returns.png
2025-08-23 17:16:12,845 - FinBankIQ_EDA - INFO - Analyzing Market Cap and ROI for BTC
2025-08-23 17:16:13,959 - FinBankIQ_EDA - INFO - Saved market cap and ROI analysis to data\eda\btc_market_cap_roi.png
2025-08-23 17:16:13,959 - FinBankIQ_EDA - INFO - Analyzing address activity and supply dynamics for BTC
2025-08-23 17:16:14,069 - FinBankIQ_EDA - INFO - Analyzing chart supply dynamics for BTC
2025-08-23 17:16:14,197 - FinBankIQ_EDA - INFO - Calculating derived indicators for BTC
2025-08-23 17:23:42,552 - FinBankIQ_EDA - INFO - Analyzing volatility and return patterns for BTC
2025-08-23 17:23:43,529 - FinBankIQ_EDA - INFO - Saved volatility analysis to data\eda\btc_volatility_returns.png
2025-08-23 17:23:43,529 - FinBankIQ_EDA - INFO - Analyzing Market Cap and ROI for BTC
2025-08-23 17:23:44,653 - FinBankIQ_EDA - INFO - Saved market cap and ROI analysis to data\eda\btc_market_cap_roi.png
2025-08-23 17:23:44,654 - FinBankIQ_EDA - INFO - Analyzing address activity and supply dynamics for BTC
2025-08-23 17:23:44,770 - FinBankIQ_EDA - INFO - Analyzing chart supply dynamics for BTC
2025-08-23 17:23:44,929 - FinBankIQ_EDA - INFO - Calculating derived indicators for BTC
2025-08-23 17:24:18,692 - FinBankIQ_EDA - INFO - Analyzing volatility and return patterns for BTC
2025-08-23 17:24:19,655 - FinBankIQ_EDA - INFO - Saved volatility analysis to data\eda\btc_volatility_returns.png
2025-08-23 17:24:19,656 - FinBankIQ_EDA - INFO - Analyzing Market Cap and ROI for BTC
2025-08-23 17:24:20,755 - FinBankIQ_EDA - INFO - Saved market cap and ROI analysis to data\eda\btc_market_cap_roi.png
2025-08-23 17:24:20,755 - FinBankIQ_EDA - INFO - Analyzing address activity and supply dynamics for BTC
2025-08-23 17:24:20,866 - FinBankIQ_EDA - INFO - Analyzing chart supply dynamics for BTC
2025-08-23 17:24:20,993 - FinBankIQ_EDA - INFO - Calculating derived indicators for BTC
2025-08-23 17:25:09,677 - FinBankIQ_EDA - INFO - Analyzing volatility and return patterns for BTC
2025-08-23 17:25:10,636 - FinBankIQ_EDA - INFO - Saved volatility analysis to data\eda\btc_volatility_returns.png
2025-08-23 17:25:10,637 - FinBankIQ_EDA - INFO - Analyzing Market Cap and ROI for BTC
2025-08-23 17:25:11,731 - FinBankIQ_EDA - INFO - Saved market cap and ROI analysis to data\eda\btc_market_cap_roi.png
2025-08-23 17:25:11,731 - FinBankIQ_EDA - INFO - Analyzing address activity and supply dynamics for BTC
2025-08-23 17:25:11,841 - FinBankIQ_EDA - INFO - Analyzing chart supply dynamics for BTC
2025-08-23 17:25:11,968 - FinBankIQ_EDA - INFO - Calculating derived indicators for BTC
2025-08-23 17:48:42,011 - FinBankIQ_EDA - INFO - Analyzing volatility and return patterns for BTC
2025-08-23 17:48:43,010 - FinBankIQ_EDA - INFO - Saved volatility analysis to data\eda\btc_volatility_returns.png
2025-08-23 17:48:43,010 - FinBankIQ_EDA - INFO - Analyzing Market Cap and ROI for BTC
2025-08-23 17:48:44,129 - FinBankIQ_EDA - INFO - Saved market cap and ROI analysis to data\eda\btc_market_cap_roi.png
2025-08-23 17:48:44,129 - FinBankIQ_EDA - INFO - Analyzing address activity and supply dynamics for BTC
2025-08-23 17:48:44,246 - FinBankIQ_EDA - INFO - Analyzing chart supply dynamics for BTC
2025-08-23 17:48:44,399 - FinBankIQ_EDA - INFO - Calculating derived indicators for BTC
2025-08-23 17:50:42,553 - FinBankIQ_EDA - INFO - Analyzing volatility and return patterns for BTC
2025-08-23 17:50:43,522 - FinBankIQ_EDA - INFO - Saved volatility analysis to data\eda\btc_volatility_returns.png
2025-08-23 17:50:43,523 - FinBankIQ_EDA - INFO - Analyzing Market Cap and ROI for BTC
2025-08-23 17:50:44,638 - FinBankIQ_EDA - INFO - Saved market cap and ROI analysis to data\eda\btc_market_cap_roi.png
2025-08-23 17:50:44,638 - FinBankIQ_EDA - INFO - Analyzing address activity and supply dynamics for BTC
2025-08-23 17:50:44,758 - FinBankIQ_EDA - INFO - Analyzing chart supply dynamics for BTC
2025-08-23 17:50:44,909 - FinBankIQ_EDA - INFO - Calculating derived indicators for BTC
2025-08-23 17:51:51,936 - FinBankIQ_EDA - INFO - Analyzing volatility and return patterns for BTC
2025-08-23 17:51:52,902 - FinBankIQ_EDA - INFO - Saved volatility analysis to data\eda\btc_volatility_returns.png
2025-08-23 17:51:52,903 - FinBankIQ_EDA - INFO - Analyzing Market Cap and ROI for BTC
2025-08-23 17:51:53,999 - FinBankIQ_EDA - INFO - Saved market cap and ROI analysis to data\eda\btc_market_cap_roi.png
2025-08-23 17:51:53,999 - FinBankIQ_EDA - INFO - Analyzing address activity and supply dynamics for BTC
2025-08-23 17:51:54,108 - FinBankIQ_EDA - INFO - Analyzing chart supply dynamics for BTC
2025-08-23 17:51:54,234 - FinBankIQ_EDA - INFO - Calculating derived indicators for BTC
2025-08-23 18:02:22,560 - FinBankIQ_EDA - INFO - ============================================================
2025-08-23 18:02:22,560 - FinBankIQ_EDA - INFO - FinBankIQ Crypto Analytics - Exploratory Data Analysis
2025-08-23 18:02:22,560 - FinBankIQ_EDA - INFO - ============================================================
2025-08-23 18:02:22,560 - FinBankIQ_EDA - INFO - 
========================================
2025-08-23 18:02:22,560 - FinBankIQ_EDA - INFO - Analyzing BTC
2025-08-23 18:02:22,560 - FinBankIQ_EDA - INFO - ========================================
2025-08-23 18:02:22,560 - FinBankIQ_EDA - INFO - 
📈 Analyzing Volatility & Return Patterns...
2025-08-23 18:02:22,560 - FinBankIQ_EDA - INFO - Analyzing volatility and return patterns for BTC
2025-08-23 18:02:23,537 - FinBankIQ_EDA - INFO - Saved volatility analysis to data\eda\btc_volatility_returns.png
2025-08-23 18:02:23,538 - FinBankIQ_EDA - INFO - 
📈 Analyzing Market Cap & ROI...
2025-08-23 18:02:23,538 - FinBankIQ_EDA - INFO - Analyzing Market Cap and ROI for BTC
2025-08-23 18:02:24,632 - FinBankIQ_EDA - INFO - Saved market cap and ROI analysis to data\eda\btc_market_cap_roi.png
2025-08-23 18:02:24,632 - FinBankIQ_EDA - INFO - 
🔍 Analyzing Address Activity & Supply Dynamics...
2025-08-23 18:02:24,632 - FinBankIQ_EDA - INFO - Analyzing address activity and supply dynamics for BTC
2025-08-23 18:02:24,743 - FinBankIQ_EDA - INFO - 
🧠 Calculating Chart Supply Dynamics...
2025-08-23 18:02:24,743 - FinBankIQ_EDA - INFO - Analyzing chart supply dynamics for BTC
2025-08-23 18:02:24,870 - FinBankIQ_EDA - INFO - 
🧠 Calculating Derived Indicators...
2025-08-23 18:02:24,870 - FinBankIQ_EDA - INFO - Calculating derived indicators for BTC
2025-08-23 18:02:46,335 - FinBankIQ_EDA - INFO - 
============================================================
2025-08-23 18:02:46,335 - FinBankIQ_EDA - INFO - EDA Complete! Check data\eda for visualizations
2025-08-23 18:02:46,335 - FinBankIQ_EDA - INFO - ============================================================
